-------------------------------------------------------------------------------
Test set: org.example.apitest.courier.LoginCourierTests
-------------------------------------------------------------------------------
Tests run: 1, Failures: 0, Errors: 1, Skipped: 0, Time elapsed: 0.029 s <<< FAILURE! - in org.example.apitest.courier.LoginCourierTests
initializationError(org.example.apitest.courier.LoginCourierTests)  Time elapsed: 0.023 s  <<< ERROR!
java.lang.NoClassDefFoundError: Lorg/example/resthandlers/httpclients/CourierHTTPClient;
Caused by: java.lang.ClassNotFoundException: org.example.resthandlers.httpclients.CourierHTTPClient

